# Simbatch result for 25.out
task1	0.000000	0.000000	1181.000000	1181.000000
task2	304.000000	1181.000000	2768.000000	1587.000000
task3	604.000000	1181.000000	2833.000000	1652.000000
task4	860.000000	2768.000000	4100.000000	1332.000000
task5	1143.000000	4100.000000	5131.000000	1031.000000
task6	1429.000000	5131.000000	6072.000000	941.000000
task7	1735.000000	5131.000000	6303.000000	1172.000000
task8	2060.000000	6072.000000	7653.000000	1581.000000
task9	2350.000000	7653.000000	9227.000000	1574.000000
task10	2644.000000	6303.000000	7385.000000	1082.000000
task11	2956.000000	9227.000000	10417.000000	1190.000000
task12	3255.000000	10417.000000	11422.000000	1005.000000
task13	3553.000000	11422.000000	12833.000000	1411.000000
task14	3835.000000	12833.000000	14598.000000	1765.000000
task15	4134.000000	14598.000000	16276.000000	1678.000000
task16	4424.000000	14598.000000	15891.000000	1293.000000
task17	4741.000000	16276.000000	17992.000000	1716.000000
task18	5051.000000	17992.000000	19762.000000	1770.000000
task19	5370.000000	19762.000000	21053.000000	1291.000000
task20	5683.000000	21053.000000	22242.000000	1189.000000
task21	5986.000000	22242.000000	23302.000000	1060.000000
task22	6285.000000	23302.000000	24616.000000	1314.000000
task23	6573.000000	23302.000000	24092.000000	790.000000
task24	6864.000000	24092.000000	25508.000000	1416.000000
task25	7153.000000	24616.000000	25790.000000	1174.000000
task26	7449.000000	26127.000000	27369.000000	1242.000000
task27	7775.000000	25508.000000	26127.000000	619.000000
task28	8088.000000	27369.000000	29002.000000	1633.000000
task29	8412.000000	29002.000000	30673.000000	1671.000000
task30	8730.000000	30673.000000	32390.000000	1717.000000
task31	9038.000000	30673.000000	31689.000000	1016.000000
task32	9349.000000	32390.000000	33685.000000	1295.000000
task33	9648.000000	32390.000000	33475.000000	1085.000000
task34	9946.000000	33685.000000	34314.000000	629.000000
task35	10247.000000	34314.000000	36104.000000	1790.000000
task36	10547.000000	34314.000000	35907.000000	1593.000000
task37	10831.000000	36104.000000	37578.000000	1474.000000
task38	11149.000000	37578.000000	38187.000000	609.000000
task39	11420.000000	38187.000000	39456.000000	1269.000000
task40	11736.000000	38187.000000	39478.000000	1291.000000
task41	12062.000000	39478.000000	40704.000000	1226.000000
task42	12362.000000	40704.000000	42340.000000	1636.000000
task43	12632.000000	42340.000000	44032.000000	1692.000000
task44	12915.000000	44032.000000	44726.000000	694.000000
task45	13228.000000	44726.000000	46192.000000	1466.000000
task46	13510.000000	44726.000000	46149.000000	1423.000000
task47	13822.000000	46192.000000	47174.000000	982.000000
task48	14124.000000	47174.000000	48651.000000	1477.000000
task49	14435.000000	48651.000000	49283.000000	632.000000
task50	14746.000000	49283.000000	50417.000000	1134.000000
task51	15021.000000	50417.000000	52205.000000	1788.000000
task52	15323.000000	52205.000000	52993.000000	788.000000
task53	15622.000000	52993.000000	54688.000000	1695.000000
task54	15919.000000	54688.000000	55522.000000	834.000000
task55	16230.000000	55522.000000	56284.000000	762.000000
task56	16519.000000	56284.000000	58018.000000	1734.000000
task57	16800.000000	58018.000000	59110.000000	1092.000000
task58	17107.000000	59110.000000	60406.000000	1296.000000
task59	17449.000000	59110.000000	60262.000000	1152.000000
task60	17757.000000	60406.000000	62014.000000	1608.000000
task61	18020.000000	62014.000000	63018.000000	1004.000000
task62	18306.000000	63018.000000	64651.000000	1633.000000
task63	18601.000000	64651.000000	66251.000000	1600.000000
task64	18922.000000	66251.000000	67922.000000	1671.000000
task65	19218.000000	67922.000000	69158.000000	1236.000000
task66	19499.000000	69158.000000	70674.000000	1516.000000
task67	19827.000000	69158.000000	70783.000000	1625.000000
task68	20137.000000	69158.000000	69758.000000	600.000000
task69	20419.000000	70783.000000	72415.000000	1632.000000
task70	20703.000000	72415.000000	73463.000000	1048.000000
task71	21001.000000	72415.000000	73930.000000	1515.000000
task72	21307.000000	72415.000000	73921.000000	1506.000000
task73	21608.000000	73930.000000	75137.000000	1207.000000
task74	21887.000000	75137.000000	76281.000000	1144.000000
task75	22191.000000	76281.000000	77609.000000	1328.000000
task76	22530.000000	77609.000000	78705.000000	1096.000000
task77	22802.000000	78705.000000	79827.000000	1122.000000
task78	23129.000000	79827.000000	81021.000000	1194.000000
task79	23409.000000	81021.000000	82762.000000	1741.000000
task80	23707.000000	82762.000000	83664.000000	902.000000
task81	24009.000000	83664.000000	85279.000000	1615.000000
task82	24319.000000	85279.000000	85917.000000	638.000000
task83	24620.000000	85917.000000	87280.000000	1363.000000
task84	24903.000000	85917.000000	86908.000000	991.000000
task85	25221.000000	85917.000000	86655.000000	738.000000
task86	25528.000000	86908.000000	87861.000000	953.000000
task87	25819.000000	86908.000000	87806.000000	898.000000
task88	26119.000000	87861.000000	88598.000000	737.000000
task89	26478.000000	88598.000000	89522.000000	924.000000
task90	26803.000000	89522.000000	90965.000000	1443.000000
task91	27107.000000	90965.000000	92643.000000	1678.000000
task92	27421.000000	90965.000000	92424.000000	1459.000000
task93	27740.000000	93842.000000	94770.000000	928.000000
task94	28050.000000	92643.000000	93842.000000	1199.000000
task95	28361.000000	92424.000000	93405.000000	981.000000
task96	28670.000000	94770.000000	95799.000000	1029.000000
task97	28961.000000	95799.000000	96685.000000	886.000000
task98	29286.000000	96685.000000	97356.000000	671.000000
task99	29611.000000	96685.000000	98263.000000	1578.000000
task100	29906.000000	98263.000000	99484.000000	1221.000000
